<?xml version="1.0" encoding="UTF-8"?>
<testsuite name="com.ThoughtWorks.DDD.Inventory.interfaces.UserFacadeTest" tests="4" skipped="0" failures="0" errors="0" timestamp="2017-12-02T08:36:58" hostname="wangyan-mac-2016.local" time="1.018">
  <properties/>
  <testcase name="shouldGetTheStringByApiCall" classname="com.ThoughtWorks.DDD.Inventory.interfaces.UserFacadeTest" time="0.754"/>
  <testcase name="should_create_bookings_without_authorization" classname="com.ThoughtWorks.DDD.Inventory.interfaces.UserFacadeTest" time="0.036"/>
  <testcase name="shouldGetTheCustomerAfterJustCreated" classname="com.ThoughtWorks.DDD.Inventory.interfaces.UserFacadeTest" time="0.191"/>
  <testcase name="placeHolder" classname="com.ThoughtWorks.DDD.Inventory.interfaces.UserFacadeTest" time="0.023"/>
  <system-out><![CDATA[2017-12-02 16:36:43.046  INFO 8297 --- [    Test worker] .b.t.c.SpringBootTestContextBootstrapper : Neither @ContextConfiguration nor @ContextHierarchy found for test class [com.ThoughtWorks.DDD.Inventory.interfaces.UserFacadeTest], using SpringBootContextLoader
2017-12-02 16:36:43.047  INFO 8297 --- [    Test worker] o.s.t.c.support.AbstractContextLoader    : Could not detect default resource locations for test class [com.ThoughtWorks.DDD.Inventory.interfaces.UserFacadeTest]: no resource found for suffixes {-context.xml, Context.groovy}.
2017-12-02 16:36:43.048  INFO 8297 --- [    Test worker] t.c.s.AnnotationConfigContextLoaderUtils : Could not detect default configuration classes for test class [com.ThoughtWorks.DDD.Inventory.interfaces.UserFacadeTest]: UserFacadeTest does not declare any static, non-private, non-final, nested classes annotated with @Configuration.
2017-12-02 16:36:43.074  INFO 8297 --- [    Test worker] .b.t.c.SpringBootTestContextBootstrapper : Found @SpringBootConfiguration com.ThoughtWorks.DDD.Inventory.InventoryApplication for test class com.ThoughtWorks.DDD.Inventory.interfaces.UserFacadeTest
2017-12-02 16:36:43.078  INFO 8297 --- [    Test worker] .b.t.c.SpringBootTestContextBootstrapper : Loaded default TestExecutionListener class names from location [META-INF/spring.factories]: [org.springframework.boot.test.mock.mockito.MockitoTestExecutionListener, org.springframework.boot.test.mock.mockito.ResetMocksTestExecutionListener, org.springframework.boot.test.autoconfigure.restdocs.RestDocsTestExecutionListener, org.springframework.boot.test.autoconfigure.web.client.MockRestServiceServerResetTestExecutionListener, org.springframework.boot.test.autoconfigure.web.servlet.MockMvcPrintOnlyOnFailureTestExecutionListener, org.springframework.boot.test.autoconfigure.web.servlet.WebDriverTestExecutionListener, org.springframework.test.context.web.ServletTestExecutionListener, org.springframework.test.context.support.DirtiesContextBeforeModesTestExecutionListener, org.springframework.test.context.support.DependencyInjectionTestExecutionListener, org.springframework.test.context.support.DirtiesContextTestExecutionListener, org.springframework.test.context.transaction.TransactionalTestExecutionListener, org.springframework.test.context.jdbc.SqlScriptsTestExecutionListener]
2017-12-02 16:36:43.083  INFO 8297 --- [    Test worker] .b.t.c.SpringBootTestContextBootstrapper : Using TestExecutionListeners: [org.springframework.test.context.web.ServletTestExecutionListener@57fa4177, org.springframework.test.context.support.DirtiesContextBeforeModesTestExecutionListener@4f523aeb, org.springframework.boot.test.autoconfigure.SpringBootDependencyInjectionTestExecutionListener@24951038, org.springframework.test.context.support.DirtiesContextTestExecutionListener@d3cca9a, org.springframework.test.context.transaction.TransactionalTestExecutionListener@848d3b3, org.springframework.test.context.jdbc.SqlScriptsTestExecutionListener@56933533, org.springframework.boot.test.autoconfigure.restdocs.RestDocsTestExecutionListener@5a0bfb09, org.springframework.boot.test.autoconfigure.web.servlet.MockMvcPrintOnlyOnFailureTestExecutionListener@310892c8, org.springframework.boot.test.mock.mockito.ResetMocksTestExecutionListener@7f931a11, org.springframework.boot.test.autoconfigure.web.client.MockRestServiceServerResetTestExecutionListener@3066927d, org.springframework.boot.test.autoconfigure.web.servlet.WebDriverTestExecutionListener@3530f4cb, org.springframework.boot.test.mock.mockito.MockitoTestExecutionListener@405bae77]
2017-12-02 16:36:43.642  INFO 8297 --- [    Test worker] wiremock.org.eclipse.jetty.util.log      : Logging initialized @24454ms
2017-12-02 16:36:48.824  INFO 8297 --- [    Test worker] s.c.a.AnnotationConfigApplicationContext : Refreshing org.springframework.context.annotation.AnnotationConfigApplicationContext@29c4a392: startup date [Sat Dec 02 16:36:48 CST 2017]; root of context hierarchy
2017-12-02 16:36:48.859  INFO 8297 --- [    Test worker] f.a.AutowiredAnnotationBeanPostProcessor : JSR-330 'javax.inject.Inject' annotation found and supported for autowiring
2017-12-02 16:36:48.881  INFO 8297 --- [    Test worker] trationDelegate$BeanPostProcessorChecker : Bean 'configurationPropertiesRebinderAutoConfiguration' of type [org.springframework.cloud.autoconfigure.ConfigurationPropertiesRebinderAutoConfiguration$$EnhancerBySpringCGLIB$$3b66035a] is not eligible for getting processed by all BeanPostProcessors (for example: not eligible for auto-proxying)

  .   ____          _            __ _ _
 /\\ / ___'_ __ _ _(_)_ __  __ _ \ \ \ \
( ( )\___ | '_ | '_| | '_ \/ _` | \ \ \ \
 \\/  ___)| |_)| | | | | || (_| |  ) ) ) )
  '  |____| .__|_| |_|_| |_\__, | / / / /
 =========|_|==============|___/=/_/_/_/
 :: Spring Boot ::        (v1.5.7.RELEASE)

2017-12-02 16:36:53.995  INFO 8297 --- [    Test worker] c.T.D.I.interfaces.UserFacadeTest        : The following profiles are active: test
2017-12-02 16:36:53.997  INFO 8297 --- [    Test worker] o.s.w.c.s.GenericWebApplicationContext   : Refreshing org.springframework.web.context.support.GenericWebApplicationContext@665b2a9b: startup date [Sat Dec 02 16:36:53 CST 2017]; parent: org.springframework.context.annotation.AnnotationConfigApplicationContext@29c4a392
2017-12-02 16:36:54.806  INFO 8297 --- [    Test worker] o.s.i.config.IntegrationRegistrar        : No bean named 'integrationHeaderChannelRegistry' has been explicitly defined. Therefore, a default DefaultHeaderChannelRegistry will be created.
2017-12-02 16:36:54.905  INFO 8297 --- [    Test worker] o.s.cloud.context.scope.GenericScope     : BeanFactory id=acd156b8-4db1-304d-90c5-23eb4c3675a8
2017-12-02 16:36:54.934  INFO 8297 --- [    Test worker] faultConfiguringBeanFactoryPostProcessor : No bean named 'errorChannel' has been explicitly defined. Therefore, a default PublishSubscribeChannel will be created.
2017-12-02 16:36:54.935  INFO 8297 --- [    Test worker] faultConfiguringBeanFactoryPostProcessor : No bean named 'taskScheduler' has been explicitly defined. Therefore, a default ThreadPoolTaskScheduler will be created.
2017-12-02 16:36:54.942  INFO 8297 --- [    Test worker] f.a.AutowiredAnnotationBeanPostProcessor : JSR-330 'javax.inject.Inject' annotation found and supported for autowiring
2017-12-02 16:36:54.971  INFO 8297 --- [    Test worker] trationDelegate$BeanPostProcessorChecker : Bean 'com.ThoughtWorks.DDD.Inventory.interfaces.SampleClient' of type [org.springframework.cloud.netflix.feign.FeignClientFactoryBean] is not eligible for getting processed by all BeanPostProcessors (for example: not eligible for auto-proxying)
2017-12-02 16:36:55.027  INFO 8297 --- [    Test worker] trationDelegate$BeanPostProcessorChecker : Bean 'org.springframework.transaction.annotation.ProxyTransactionManagementConfiguration' of type [org.springframework.transaction.annotation.ProxyTransactionManagementConfiguration$$EnhancerBySpringCGLIB$$1f4c005d] is not eligible for getting processed by all BeanPostProcessors (for example: not eligible for auto-proxying)
2017-12-02 16:36:55.052  INFO 8297 --- [    Test worker] trationDelegate$BeanPostProcessorChecker : Bean 'org.springframework.cloud.netflix.metrics.MetricsInterceptorConfiguration$MetricsRestTemplateConfiguration' of type [org.springframework.cloud.netflix.metrics.MetricsInterceptorConfiguration$MetricsRestTemplateConfiguration$$EnhancerBySpringCGLIB$$5178a69e] is not eligible for getting processed by all BeanPostProcessors (for example: not eligible for auto-proxying)
2017-12-02 16:36:55.061  INFO 8297 --- [    Test worker] trationDelegate$BeanPostProcessorChecker : Bean 'integrationGlobalProperties' of type [org.springframework.beans.factory.config.PropertiesFactoryBean] is not eligible for getting processed by all BeanPostProcessors (for example: not eligible for auto-proxying)
2017-12-02 16:36:55.062  INFO 8297 --- [    Test worker] trationDelegate$BeanPostProcessorChecker : Bean 'integrationGlobalProperties' of type [java.util.Properties] is not eligible for getting processed by all BeanPostProcessors (for example: not eligible for auto-proxying)
2017-12-02 16:36:55.069  INFO 8297 --- [    Test worker] trationDelegate$BeanPostProcessorChecker : Bean 'org.springframework.cloud.autoconfigure.ConfigurationPropertiesRebinderAutoConfiguration' of type [org.springframework.cloud.autoconfigure.ConfigurationPropertiesRebinderAutoConfiguration$$EnhancerBySpringCGLIB$$3b66035a] is not eligible for getting processed by all BeanPostProcessors (for example: not eligible for auto-proxying)
2017-12-02 16:36:55.223  INFO 8297 --- [    Test worker] j.LocalContainerEntityManagerFactoryBean : Building JPA container EntityManagerFactory for persistence unit 'default'
2017-12-02 16:36:55.224  INFO 8297 --- [    Test worker] o.hibernate.jpa.internal.util.LogHelper  : HHH000204: Processing PersistenceUnitInfo [
	name: default
	...]
2017-12-02 16:36:55.231  INFO 8297 --- [    Test worker] org.hibernate.dialect.Dialect            : HHH000400: Using dialect: org.hibernate.dialect.H2Dialect
2017-12-02 16:36:55.258  INFO 8297 --- [    Test worker] org.hibernate.tool.hbm2ddl.SchemaExport  : HHH000227: Running hbm2ddl schema export
2017-12-02 16:36:55.265  INFO 8297 --- [    Test worker] org.hibernate.tool.hbm2ddl.SchemaExport  : HHH000230: Schema export complete
2017-12-02 16:36:55.267  WARN 8297 --- [    Test worker] o.h.j.i.EntityManagerFactoryRegistry     : HHH000436: Entity manager factory name (default) is already registered.  If entity manager will be clustered or passivated, specify a unique value for property 'hibernate.ejb.entitymanager_factory_name'
2017-12-02 16:36:55.267  INFO 8297 --- [    Test worker] j.LocalContainerEntityManagerFactoryBean : Initialized JPA EntityManagerFactory for persistence unit 'default'
2017-12-02 16:36:55.352  INFO 8297 --- [    Test worker] s.c.a.AnnotationConfigApplicationContext : Refreshing org.springframework.context.annotation.AnnotationConfigApplicationContext@287e023: startup date [Sat Dec 02 16:36:55 CST 2017]; parent: org.springframework.web.context.support.GenericWebApplicationContext@665b2a9b
2017-12-02 16:36:55.371  INFO 8297 --- [    Test worker] f.a.AutowiredAnnotationBeanPostProcessor : JSR-330 'javax.inject.Inject' annotation found and supported for autowiring
2017-12-02 16:36:55.922  INFO 8297 --- [    Test worker] s.w.s.m.m.a.RequestMappingHandlerMapping : Mapped "{[/api/users/{id}],methods=[GET]}" onto public final com.ThoughtWorks.DDD.Inventory.interfaces.User com.ThoughtWorks.DDD.Inventory.interfaces.UserFacade.findById(long)
2017-12-02 16:36:55.923  INFO 8297 --- [    Test worker] s.w.s.m.m.a.RequestMappingHandlerMapping : Mapped "{[/api/users],methods=[GET]}" onto public final java.lang.String com.ThoughtWorks.DDD.Inventory.interfaces.UserFacade.demo()
2017-12-02 16:36:55.924  INFO 8297 --- [    Test worker] s.w.s.m.m.a.RequestMappingHandlerMapping : Mapped "{[/api/users],methods=[POST]}" onto public final org.springframework.http.ResponseEntity com.ThoughtWorks.DDD.Inventory.interfaces.UserFacade.createUser(com.ThoughtWorks.DDD.Inventory.interfaces.User)
2017-12-02 16:36:55.925  INFO 8297 --- [    Test worker] s.w.s.m.m.a.RequestMappingHandlerMapping : Mapped "{[/api/users/sample],methods=[GET]}" onto public final java.lang.String com.ThoughtWorks.DDD.Inventory.interfaces.UserFacade.CallServiceSample()
2017-12-02 16:36:55.925  INFO 8297 --- [    Test worker] s.w.s.m.m.a.RequestMappingHandlerMapping : Mapped "{[/v2/api-docs],methods=[GET],produces=[application/json || application/hal+json]}" onto public org.springframework.http.ResponseEntity<springfox.documentation.spring.web.json.Json> springfox.documentation.swagger2.web.Swagger2Controller.getDocumentation(java.lang.String,javax.servlet.http.HttpServletRequest)
2017-12-02 16:36:55.928  INFO 8297 --- [    Test worker] s.w.s.m.m.a.RequestMappingHandlerMapping : Mapped "{[/swagger-resources]}" onto org.springframework.http.ResponseEntity<java.util.List<springfox.documentation.swagger.web.SwaggerResource>> springfox.documentation.swagger.web.ApiResourceController.swaggerResources()
2017-12-02 16:36:55.928  INFO 8297 --- [    Test worker] s.w.s.m.m.a.RequestMappingHandlerMapping : Mapped "{[/swagger-resources/configuration/security]}" onto org.springframework.http.ResponseEntity<springfox.documentation.swagger.web.SecurityConfiguration> springfox.documentation.swagger.web.ApiResourceController.securityConfiguration()
2017-12-02 16:36:55.929  INFO 8297 --- [    Test worker] s.w.s.m.m.a.RequestMappingHandlerMapping : Mapped "{[/swagger-resources/configuration/ui]}" onto org.springframework.http.ResponseEntity<springfox.documentation.swagger.web.UiConfiguration> springfox.documentation.swagger.web.ApiResourceController.uiConfiguration()
2017-12-02 16:36:55.932  INFO 8297 --- [    Test worker] s.w.s.m.m.a.RequestMappingHandlerMapping : Mapped "{[/error]}" onto public org.springframework.http.ResponseEntity<java.util.Map<java.lang.String, java.lang.Object>> org.springframework.boot.autoconfigure.web.BasicErrorController.error(javax.servlet.http.HttpServletRequest)
2017-12-02 16:36:55.933  INFO 8297 --- [    Test worker] s.w.s.m.m.a.RequestMappingHandlerMapping : Mapped "{[/error],produces=[text/html]}" onto public org.springframework.web.servlet.ModelAndView org.springframework.boot.autoconfigure.web.BasicErrorController.errorHtml(javax.servlet.http.HttpServletRequest,javax.servlet.http.HttpServletResponse)
2017-12-02 16:36:56.284  INFO 8297 --- [    Test worker] o.s.b.a.e.mvc.EndpointHandlerMapping     : Mapped "{[/archaius || /archaius.json],methods=[GET],produces=[application/vnd.spring-boot.actuator.v1+json || application/json]}" onto public java.lang.Object org.springframework.boot.actuate.endpoint.mvc.EndpointMvcAdapter.invoke()
2017-12-02 16:36:56.285  INFO 8297 --- [    Test worker] o.s.b.a.e.mvc.EndpointHandlerMapping     : Mapped "{[/dump || /dump.json],methods=[GET],produces=[application/vnd.spring-boot.actuator.v1+json || application/json]}" onto public java.lang.Object org.springframework.boot.actuate.endpoint.mvc.EndpointMvcAdapter.invoke()
2017-12-02 16:36:56.286  INFO 8297 --- [    Test worker] o.s.b.a.e.mvc.EndpointHandlerMapping     : Mapped "{[/autoconfig || /autoconfig.json],methods=[GET],produces=[application/vnd.spring-boot.actuator.v1+json || application/json]}" onto public java.lang.Object org.springframework.boot.actuate.endpoint.mvc.EndpointMvcAdapter.invoke()
2017-12-02 16:36:56.287  INFO 8297 --- [    Test worker] o.s.b.a.e.mvc.EndpointHandlerMapping     : Mapped "{[/metrics/{name:.*}],methods=[GET],produces=[application/vnd.spring-boot.actuator.v1+json || application/json]}" onto public java.lang.Object org.springframework.boot.actuate.endpoint.mvc.MetricsMvcEndpoint.value(java.lang.String)
2017-12-02 16:36:56.287  INFO 8297 --- [    Test worker] o.s.b.a.e.mvc.EndpointHandlerMapping     : Mapped "{[/metrics || /metrics.json],methods=[GET],produces=[application/vnd.spring-boot.actuator.v1+json || application/json]}" onto public java.lang.Object org.springframework.boot.actuate.endpoint.mvc.EndpointMvcAdapter.invoke()
2017-12-02 16:36:56.288  INFO 8297 --- [    Test worker] o.s.b.a.e.mvc.EndpointHandlerMapping     : Mapped "{[/beans || /beans.json],methods=[GET],produces=[application/vnd.spring-boot.actuator.v1+json || application/json]}" onto public java.lang.Object org.springframework.boot.actuate.endpoint.mvc.EndpointMvcAdapter.invoke()
2017-12-02 16:36:56.289  INFO 8297 --- [    Test worker] o.s.b.a.e.mvc.EndpointHandlerMapping     : Mapped "{[/features || /features.json],methods=[GET],produces=[application/vnd.spring-boot.actuator.v1+json || application/json]}" onto public java.lang.Object org.springframework.boot.actuate.endpoint.mvc.EndpointMvcAdapter.invoke()
2017-12-02 16:36:56.290  INFO 8297 --- [    Test worker] o.s.b.a.e.mvc.EndpointHandlerMapping     : Mapped "{[/trace || /trace.json],methods=[GET],produces=[application/vnd.spring-boot.actuator.v1+json || application/json]}" onto public java.lang.Object org.springframework.boot.actuate.endpoint.mvc.EndpointMvcAdapter.invoke()
2017-12-02 16:36:56.290  INFO 8297 --- [    Test worker] o.s.b.a.e.mvc.EndpointHandlerMapping     : Mapped "{[/mappings || /mappings.json],methods=[GET],produces=[application/vnd.spring-boot.actuator.v1+json || application/json]}" onto public java.lang.Object org.springframework.boot.actuate.endpoint.mvc.EndpointMvcAdapter.invoke()
2017-12-02 16:36:56.291  INFO 8297 --- [    Test worker] o.s.b.a.e.mvc.EndpointHandlerMapping     : Mapped "{[/env/{name:.*}],methods=[GET],produces=[application/vnd.spring-boot.actuator.v1+json || application/json]}" onto public java.lang.Object org.springframework.boot.actuate.endpoint.mvc.EnvironmentMvcEndpoint.value(java.lang.String)
2017-12-02 16:36:56.292  INFO 8297 --- [    Test worker] o.s.b.a.e.mvc.EndpointHandlerMapping     : Mapped "{[/env || /env.json],methods=[GET],produces=[application/vnd.spring-boot.actuator.v1+json || application/json]}" onto public java.lang.Object org.springframework.boot.actuate.endpoint.mvc.EndpointMvcAdapter.invoke()
2017-12-02 16:36:56.292  INFO 8297 --- [    Test worker] o.s.b.a.e.mvc.EndpointHandlerMapping     : Mapped "{[/pause || /pause.json],methods=[POST]}" onto public java.lang.Object org.springframework.cloud.endpoint.GenericPostableMvcEndpoint.invoke()
2017-12-02 16:36:56.293  INFO 8297 --- [    Test worker] o.s.b.a.e.mvc.EndpointHandlerMapping     : Mapped "{[/configprops || /configprops.json],methods=[GET],produces=[application/vnd.spring-boot.actuator.v1+json || application/json]}" onto public java.lang.Object org.springframework.boot.actuate.endpoint.mvc.EndpointMvcAdapter.invoke()
2017-12-02 16:36:56.295  INFO 8297 --- [    Test worker] o.s.b.a.e.mvc.EndpointHandlerMapping     : Mapped "{[/health || /health.json],methods=[GET],produces=[application/vnd.spring-boot.actuator.v1+json || application/json]}" onto public java.lang.Object org.springframework.boot.actuate.endpoint.mvc.HealthMvcEndpoint.invoke(javax.servlet.http.HttpServletRequest,java.security.Principal)
2017-12-02 16:36:56.296  INFO 8297 --- [    Test worker] o.s.b.a.e.mvc.EndpointHandlerMapping     : Mapped "{[/resume || /resume.json],methods=[POST]}" onto public java.lang.Object org.springframework.cloud.endpoint.GenericPostableMvcEndpoint.invoke()
2017-12-02 16:36:56.296  INFO 8297 --- [    Test worker] o.s.b.a.e.mvc.EndpointHandlerMapping     : Mapped "{[/info || /info.json],methods=[GET],produces=[application/vnd.spring-boot.actuator.v1+json || application/json]}" onto public java.lang.Object org.springframework.boot.actuate.endpoint.mvc.EndpointMvcAdapter.invoke()
2017-12-02 16:36:56.298  INFO 8297 --- [    Test worker] o.s.b.a.e.mvc.EndpointHandlerMapping     : Mapped "{[/auditevents || /auditevents.json],methods=[GET],produces=[application/vnd.spring-boot.actuator.v1+json || application/json]}" onto public org.springframework.http.ResponseEntity<?> org.springframework.boot.actuate.endpoint.mvc.AuditEventsMvcEndpoint.findByPrincipalAndAfterAndType(java.lang.String,java.util.Date,java.lang.String)
2017-12-02 16:36:56.299  INFO 8297 --- [    Test worker] o.s.b.a.e.mvc.EndpointHandlerMapping     : Mapped "{[/env],methods=[POST]}" onto public java.lang.Object org.springframework.cloud.context.environment.EnvironmentManagerMvcEndpoint.value(java.util.Map<java.lang.String, java.lang.String>)
2017-12-02 16:36:56.299  INFO 8297 --- [    Test worker] o.s.b.a.e.mvc.EndpointHandlerMapping     : Mapped "{[/env/reset],methods=[POST]}" onto public java.util.Map<java.lang.String, java.lang.Object> org.springframework.cloud.context.environment.EnvironmentManagerMvcEndpoint.reset()
2017-12-02 16:36:56.300  INFO 8297 --- [    Test worker] o.s.b.a.e.mvc.EndpointHandlerMapping     : Mapped "{[/restart || /restart.json],methods=[POST]}" onto public java.lang.Object org.springframework.cloud.context.restart.RestartMvcEndpoint.invoke()
2017-12-02 16:36:56.301  INFO 8297 --- [    Test worker] o.s.b.a.e.mvc.EndpointHandlerMapping     : Mapped "{[/heapdump || /heapdump.json],methods=[GET],produces=[application/octet-stream]}" onto public void org.springframework.boot.actuate.endpoint.mvc.HeapdumpMvcEndpoint.invoke(boolean,javax.servlet.http.HttpServletRequest,javax.servlet.http.HttpServletResponse) throws java.io.IOException,javax.servlet.ServletException
2017-12-02 16:36:56.303  INFO 8297 --- [    Test worker] o.s.b.a.e.mvc.EndpointHandlerMapping     : Mapped "{[/loggers/{name:.*}],methods=[GET],produces=[application/vnd.spring-boot.actuator.v1+json || application/json]}" onto public java.lang.Object org.springframework.boot.actuate.endpoint.mvc.LoggersMvcEndpoint.get(java.lang.String)
2017-12-02 16:36:56.304  INFO 8297 --- [    Test worker] o.s.b.a.e.mvc.EndpointHandlerMapping     : Mapped "{[/loggers/{name:.*}],methods=[POST],consumes=[application/vnd.spring-boot.actuator.v1+json || application/json],produces=[application/vnd.spring-boot.actuator.v1+json || application/json]}" onto public java.lang.Object org.springframework.boot.actuate.endpoint.mvc.LoggersMvcEndpoint.set(java.lang.String,java.util.Map<java.lang.String, java.lang.String>)
2017-12-02 16:36:56.304  INFO 8297 --- [    Test worker] o.s.b.a.e.mvc.EndpointHandlerMapping     : Mapped "{[/loggers || /loggers.json],methods=[GET],produces=[application/vnd.spring-boot.actuator.v1+json || application/json]}" onto public java.lang.Object org.springframework.boot.actuate.endpoint.mvc.EndpointMvcAdapter.invoke()
2017-12-02 16:36:56.305  INFO 8297 --- [    Test worker] o.s.b.a.e.mvc.EndpointHandlerMapping     : Mapped "{[/refresh || /refresh.json],methods=[POST]}" onto public java.lang.Object org.springframework.cloud.endpoint.GenericPostableMvcEndpoint.invoke()
2017-12-02 16:36:56.741  INFO 8297 --- [    Test worker] o.s.b.t.m.w.SpringBootMockServletContext : Initializing Spring FrameworkServlet ''
2017-12-02 16:36:56.741  INFO 8297 --- [    Test worker] o.s.t.web.servlet.TestDispatcherServlet  : FrameworkServlet '': initialization started
2017-12-02 16:36:56.776  INFO 8297 --- [    Test worker] o.s.w.s.handler.SimpleUrlHandlerMapping  : Mapped URL path [/webjars/**] onto handler of type [class org.springframework.web.servlet.resource.ResourceHttpRequestHandler]
2017-12-02 16:36:56.776  INFO 8297 --- [    Test worker] o.s.w.s.handler.SimpleUrlHandlerMapping  : Mapped URL path [/**] onto handler of type [class org.springframework.web.servlet.resource.ResourceHttpRequestHandler]
2017-12-02 16:36:56.797  INFO 8297 --- [    Test worker] o.s.w.s.handler.SimpleUrlHandlerMapping  : Mapped URL path [/**/favicon.ico] onto handler of type [class org.springframework.web.servlet.resource.ResourceHttpRequestHandler]
2017-12-02 16:36:56.937  INFO 8297 --- [    Test worker] s.w.s.m.m.a.RequestMappingHandlerAdapter : Looking for @ControllerAdvice: org.springframework.web.context.support.GenericWebApplicationContext@665b2a9b: startup date [Sat Dec 02 16:36:53 CST 2017]; parent: org.springframework.context.annotation.AnnotationConfigApplicationContext@29c4a392
2017-12-02 16:36:56.997  INFO 8297 --- [    Test worker] o.s.t.web.servlet.TestDispatcherServlet  : FrameworkServlet '': initialization completed in 256 ms
2017-12-02 16:36:57.046  WARN 8297 --- [    Test worker] o.s.c.n.a.ArchaiusAutoConfiguration      : Netflix ConfigurationManager has already been installed, unable to re-install
2017-12-02 16:36:57.149  INFO 8297 --- [    Test worker] o.s.s.c.ThreadPoolTaskScheduler          : Initializing ExecutorService  'taskScheduler'
2017-12-02 16:36:57.710  INFO 8297 --- [    Test worker] o.s.c.support.DefaultLifecycleProcessor  : Starting beans in phase 0
2017-12-02 16:36:57.711  INFO 8297 --- [    Test worker] o.s.i.endpoint.EventDrivenConsumer       : Adding {logging-channel-adapter:_org.springframework.integration.errorLogger} as a subscriber to the 'errorChannel' channel
2017-12-02 16:36:57.711  INFO 8297 --- [    Test worker] o.s.i.channel.PublishSubscribeChannel    : Channel 'inventory:test:-1.errorChannel' has 1 subscriber(s).
2017-12-02 16:36:57.711  INFO 8297 --- [    Test worker] o.s.i.endpoint.EventDrivenConsumer       : started _org.springframework.integration.errorLogger
2017-12-02 16:36:57.712  INFO 8297 --- [    Test worker] o.s.c.support.DefaultLifecycleProcessor  : Starting beans in phase 2147483647
2017-12-02 16:36:57.712  INFO 8297 --- [    Test worker] d.s.w.p.DocumentationPluginsBootstrapper : Context refreshed
2017-12-02 16:36:57.714  INFO 8297 --- [    Test worker] d.s.w.p.DocumentationPluginsBootstrapper : Found 1 custom documentation plugin(s)
2017-12-02 16:36:57.719  INFO 8297 --- [    Test worker] s.d.s.w.s.ApiListingReferenceScanner     : Scanning for api listing references
2017-12-02 16:36:57.747  INFO 8297 --- [    Test worker] .d.s.w.r.o.CachingOperationNameGenerator : Generating unique operation named: findByPrincipalAndAfterAndTypeUsingGET_1
2017-12-02 16:36:57.841  INFO 8297 --- [    Test worker] .d.s.w.r.o.CachingOperationNameGenerator : Generating unique operation named: invokeUsingGET_1
2017-12-02 16:36:57.844  INFO 8297 --- [    Test worker] .d.s.w.r.o.CachingOperationNameGenerator : Generating unique operation named: invokeUsingGET_2
2017-12-02 16:36:57.846  INFO 8297 --- [    Test worker] .d.s.w.r.o.CachingOperationNameGenerator : Generating unique operation named: invokeUsingGET_3
2017-12-02 16:36:57.849  INFO 8297 --- [    Test worker] .d.s.w.r.o.CachingOperationNameGenerator : Generating unique operation named: invokeUsingGET_4
2017-12-02 16:36:57.851  INFO 8297 --- [    Test worker] .d.s.w.r.o.CachingOperationNameGenerator : Generating unique operation named: invokeUsingGET_5
2017-12-02 16:36:57.854  INFO 8297 --- [    Test worker] .d.s.w.r.o.CachingOperationNameGenerator : Generating unique operation named: invokeUsingGET_6
2017-12-02 16:36:57.856  INFO 8297 --- [    Test worker] .d.s.w.r.o.CachingOperationNameGenerator : Generating unique operation named: invokeUsingGET_7
2017-12-02 16:36:57.859  INFO 8297 --- [    Test worker] .d.s.w.r.o.CachingOperationNameGenerator : Generating unique operation named: invokeUsingGET_8
2017-12-02 16:36:57.861  INFO 8297 --- [    Test worker] .d.s.w.r.o.CachingOperationNameGenerator : Generating unique operation named: invokeUsingGET_9
2017-12-02 16:36:57.864  INFO 8297 --- [    Test worker] .d.s.w.r.o.CachingOperationNameGenerator : Generating unique operation named: invokeUsingGET_10
2017-12-02 16:36:57.865  INFO 8297 --- [    Test worker] .d.s.w.r.o.CachingOperationNameGenerator : Generating unique operation named: invokeUsingGET_11
2017-12-02 16:36:57.868  INFO 8297 --- [    Test worker] .d.s.w.r.o.CachingOperationNameGenerator : Generating unique operation named: invokeUsingGET_12
2017-12-02 16:36:57.870  INFO 8297 --- [    Test worker] .d.s.w.r.o.CachingOperationNameGenerator : Generating unique operation named: invokeUsingGET_13
2017-12-02 16:36:57.872  INFO 8297 --- [    Test worker] .d.s.w.r.o.CachingOperationNameGenerator : Generating unique operation named: invokeUsingGET_14
2017-12-02 16:36:57.874  INFO 8297 --- [    Test worker] .d.s.w.r.o.CachingOperationNameGenerator : Generating unique operation named: invokeUsingGET_15
2017-12-02 16:36:57.876  INFO 8297 --- [    Test worker] .d.s.w.r.o.CachingOperationNameGenerator : Generating unique operation named: invokeUsingGET_16
2017-12-02 16:36:57.878  INFO 8297 --- [    Test worker] .d.s.w.r.o.CachingOperationNameGenerator : Generating unique operation named: invokeUsingGET_17
2017-12-02 16:36:57.889  INFO 8297 --- [    Test worker] .d.s.w.r.o.CachingOperationNameGenerator : Generating unique operation named: invokeUsingGET_18
2017-12-02 16:36:57.891  INFO 8297 --- [    Test worker] .d.s.w.r.o.CachingOperationNameGenerator : Generating unique operation named: invokeUsingGET_19
2017-12-02 16:36:57.902  INFO 8297 --- [    Test worker] .d.s.w.r.o.CachingOperationNameGenerator : Generating unique operation named: invokeUsingPOST_1
2017-12-02 16:36:57.905  INFO 8297 --- [    Test worker] .d.s.w.r.o.CachingOperationNameGenerator : Generating unique operation named: invokeUsingPOST_2
2017-12-02 16:36:57.907  INFO 8297 --- [    Test worker] .d.s.w.r.o.CachingOperationNameGenerator : Generating unique operation named: invokeUsingPOST_3
2017-12-02 16:36:57.909  INFO 8297 --- [    Test worker] .d.s.w.r.o.CachingOperationNameGenerator : Generating unique operation named: invokeUsingPOST_4
2017-12-02 16:36:57.911  INFO 8297 --- [    Test worker] .d.s.w.r.o.CachingOperationNameGenerator : Generating unique operation named: invokeUsingPOST_5
2017-12-02 16:36:57.917  INFO 8297 --- [    Test worker] .d.s.w.r.o.CachingOperationNameGenerator : Generating unique operation named: invokeUsingGET_20
2017-12-02 16:36:57.922  INFO 8297 --- [    Test worker] .d.s.w.r.o.CachingOperationNameGenerator : Generating unique operation named: invokeUsingGET_21
2017-12-02 16:36:57.930  INFO 8297 --- [    Test worker] .d.s.w.r.o.CachingOperationNameGenerator : Generating unique operation named: invokeUsingGET_22
2017-12-02 16:36:57.936  INFO 8297 --- [    Test worker] .d.s.w.r.o.CachingOperationNameGenerator : Generating unique operation named: invokeUsingGET_23
2017-12-02 16:36:57.946  INFO 8297 --- [    Test worker] .d.s.w.r.o.CachingOperationNameGenerator : Generating unique operation named: invokeUsingGET_24
2017-12-02 16:36:57.948  INFO 8297 --- [    Test worker] .d.s.w.r.o.CachingOperationNameGenerator : Generating unique operation named: invokeUsingGET_25
2017-12-02 16:36:57.956  INFO 8297 --- [    Test worker] .d.s.w.r.o.CachingOperationNameGenerator : Generating unique operation named: invokeUsingGET_26
2017-12-02 16:36:57.958  INFO 8297 --- [    Test worker] .d.s.w.r.o.CachingOperationNameGenerator : Generating unique operation named: invokeUsingGET_27
2017-12-02 16:36:57.963  INFO 8297 --- [    Test worker] .d.s.w.r.o.CachingOperationNameGenerator : Generating unique operation named: valueUsingGET_1
2017-12-02 16:36:57.966  INFO 8297 --- [    Test worker] .d.s.w.r.o.CachingOperationNameGenerator : Generating unique operation named: invokeUsingPOST_6
2017-12-02 16:36:57.968  INFO 8297 --- [    Test worker] .d.s.w.r.o.CachingOperationNameGenerator : Generating unique operation named: invokeUsingPOST_7
2017-12-02 16:36:58.032  INFO 8297 --- [    Test worker] c.T.D.I.interfaces.UserFacadeTest        : Started UserFacadeTest in 14.294 seconds (JVM running for 38.844)
2017-12-02 16:36:58.042  INFO 8297 --- [    Test worker] o.s.aop.framework.CglibAopProxy          : Final method [public final void com.ThoughtWorks.DDD.Inventory.interfaces.UserFacadeTest.shouldGetTheCustomerAfterJustCreated() throws java.lang.Exception] cannot get proxied via CGLIB: Calls to this method will NOT be routed to the target instance and might lead to NPEs against uninitialized fields in the proxy instance.
2017-12-02 16:36:58.042  INFO 8297 --- [    Test worker] o.s.aop.framework.CglibAopProxy          : Final method [public final void com.ThoughtWorks.DDD.Inventory.interfaces.UserFacadeTest.shouldGetTheStringByApiCall() throws java.lang.Exception] cannot get proxied via CGLIB: Calls to this method will NOT be routed to the target instance and might lead to NPEs against uninitialized fields in the proxy instance.
2017-12-02 16:36:58.057  INFO 8297 --- [    Test worker] w.org.eclipse.jetty.server.Server        : jetty-9.2.z-SNAPSHOT
2017-12-02 16:36:58.085  INFO 8297 --- [    Test worker] w.o.e.j.server.handler.ContextHandler    : Started w.o.e.j.s.ServletContextHandler@5044323{/__admin,null,AVAILABLE}
2017-12-02 16:36:58.090  INFO 8297 --- [    Test worker] w.o.e.j.server.handler.ContextHandler    : Started w.o.e.j.s.ServletContextHandler@7a5116d0{/,null,AVAILABLE}
2017-12-02 16:36:58.113  INFO 8297 --- [    Test worker] w.o.e.j.s.NetworkTrafficServerConnector  : Started NetworkTrafficServerConnector@19957008{HTTP/1.1}{0.0.0.0:9116}
2017-12-02 16:36:58.113  INFO 8297 --- [    Test worker] w.org.eclipse.jetty.server.Server        : Started @38925ms
2017-12-02 16:36:58.144  INFO 8297 --- [    Test worker] o.s.t.c.transaction.TransactionContext   : Began transaction (1) for test context [DefaultTestContext@7880a1be testClass = UserFacadeTest, testInstance = com.ThoughtWorks.DDD.Inventory.interfaces.UserFacadeTest@6a98a572, testMethod = shouldGetTheStringByApiCall@UserFacadeTest, testException = [null], mergedContextConfiguration = [WebMergedContextConfiguration@4d5940f1 testClass = UserFacadeTest, locations = '{}', classes = '{class com.ThoughtWorks.DDD.Inventory.InventoryApplication}', contextInitializerClasses = '[]', activeProfiles = '{test}', propertySourceLocations = '{}', propertySourceProperties = '{org.springframework.boot.test.context.SpringBootTestContextBootstrapper=true}', contextCustomizers = set[[ImportsContextCustomizer@3b1853b key = [org.springframework.boot.test.autoconfigure.web.servlet.MockMvcAutoConfiguration, org.springframework.boot.test.autoconfigure.web.servlet.MockMvcSecurityAutoConfiguration, org.springframework.boot.test.autoconfigure.web.servlet.MockMvcWebClientAutoConfiguration, org.springframework.boot.test.autoconfigure.web.servlet.MockMvcWebDriverAutoConfiguration]], org.springframework.boot.test.context.SpringBootTestContextCustomizer@70d35195, org.springframework.boot.test.context.filter.ExcludeFilterContextCustomizer@aa28282, org.springframework.boot.test.json.DuplicateJsonObjectContextCustomizerFactory$DuplicateJsonObjectContextCustomizer@7d472374, org.springframework.boot.test.mock.mockito.MockitoContextCustomizer@0, org.springframework.boot.test.autoconfigure.properties.PropertyMappingContextCustomizer@e7e8512, org.springframework.boot.test.autoconfigure.web.servlet.WebDriverContextCustomizerFactory$Customizer@2b88fcf], resourceBasePath = 'src/main/webapp', contextLoader = 'org.springframework.boot.test.context.SpringBootContextLoader', parent = [null]]]; transaction manager [org.springframework.orm.jpa.JpaTransactionManager@55054b24]; rollback [true]
2017-12-02 16:36:58.149  INFO 8297 --- [    Test worker] o.s.b.t.m.w.SpringBootMockServletContext : Initializing Spring FrameworkServlet ''
2017-12-02 16:36:58.150  INFO 8297 --- [    Test worker] o.s.t.web.servlet.TestDispatcherServlet  : FrameworkServlet '': initialization started
2017-12-02 16:36:58.157  INFO 8297 --- [    Test worker] o.s.t.web.servlet.TestDispatcherServlet  : FrameworkServlet '': initialization completed in 7 ms
2017-12-02 16:36:58.569  INFO 8297 --- [qtp916315437-33] /__admin                                 : RequestHandlerClass from context returned com.github.tomakehurst.wiremock.http.AdminRequestHandler. Normalized mapped under returned 'null'
2017-12-02 16:36:58.791  INFO 8297 --- [    Test worker] o.s.t.c.transaction.TransactionContext   : Rolled back transaction for test context [DefaultTestContext@7880a1be testClass = UserFacadeTest, testInstance = com.ThoughtWorks.DDD.Inventory.interfaces.UserFacadeTest@6a98a572, testMethod = shouldGetTheStringByApiCall@UserFacadeTest, testException = [null], mergedContextConfiguration = [WebMergedContextConfiguration@4d5940f1 testClass = UserFacadeTest, locations = '{}', classes = '{class com.ThoughtWorks.DDD.Inventory.InventoryApplication}', contextInitializerClasses = '[]', activeProfiles = '{test}', propertySourceLocations = '{}', propertySourceProperties = '{org.springframework.boot.test.context.SpringBootTestContextBootstrapper=true}', contextCustomizers = set[[ImportsContextCustomizer@3b1853b key = [org.springframework.boot.test.autoconfigure.web.servlet.MockMvcAutoConfiguration, org.springframework.boot.test.autoconfigure.web.servlet.MockMvcSecurityAutoConfiguration, org.springframework.boot.test.autoconfigure.web.servlet.MockMvcWebClientAutoConfiguration, org.springframework.boot.test.autoconfigure.web.servlet.MockMvcWebDriverAutoConfiguration]], org.springframework.boot.test.context.SpringBootTestContextCustomizer@70d35195, org.springframework.boot.test.context.filter.ExcludeFilterContextCustomizer@aa28282, org.springframework.boot.test.json.DuplicateJsonObjectContextCustomizerFactory$DuplicateJsonObjectContextCustomizer@7d472374, org.springframework.boot.test.mock.mockito.MockitoContextCustomizer@0, org.springframework.boot.test.autoconfigure.properties.PropertyMappingContextCustomizer@e7e8512, org.springframework.boot.test.autoconfigure.web.servlet.WebDriverContextCustomizerFactory$Customizer@2b88fcf], resourceBasePath = 'src/main/webapp', contextLoader = 'org.springframework.boot.test.context.SpringBootContextLoader', parent = [null]]].
2017-12-02 16:36:58.803  INFO 8297 --- [    Test worker] w.o.e.j.s.NetworkTrafficServerConnector  : Stopped NetworkTrafficServerConnector@19957008{HTTP/1.1}{0.0.0.0:9116}
2017-12-02 16:36:58.804  INFO 8297 --- [    Test worker] w.o.e.j.server.handler.ContextHandler    : Stopped w.o.e.j.s.ServletContextHandler@7a5116d0{/,null,UNAVAILABLE}
2017-12-02 16:36:58.805  INFO 8297 --- [    Test worker] w.o.e.j.server.handler.ContextHandler    : Stopped w.o.e.j.s.ServletContextHandler@5044323{/__admin,null,UNAVAILABLE}
2017-12-02 16:36:58.812  INFO 8297 --- [    Test worker] w.org.eclipse.jetty.server.Server        : jetty-9.2.z-SNAPSHOT
2017-12-02 16:36:58.816  INFO 8297 --- [    Test worker] w.o.e.j.server.handler.ContextHandler    : Started w.o.e.j.s.ServletContextHandler@42452b29{/__admin,null,AVAILABLE}
2017-12-02 16:36:58.816  INFO 8297 --- [    Test worker] w.o.e.j.server.handler.ContextHandler    : Started w.o.e.j.s.ServletContextHandler@54239133{/,null,AVAILABLE}
2017-12-02 16:36:58.817  INFO 8297 --- [    Test worker] w.o.e.j.s.NetworkTrafficServerConnector  : Started NetworkTrafficServerConnector@7ea94818{HTTP/1.1}{0.0.0.0:9116}
2017-12-02 16:36:58.817  INFO 8297 --- [    Test worker] w.org.eclipse.jetty.server.Server        : Started @39629ms
2017-12-02 16:36:58.825  INFO 8297 --- [    Test worker] o.s.t.c.transaction.TransactionContext   : Began transaction (1) for test context [DefaultTestContext@7880a1be testClass = UserFacadeTest, testInstance = com.ThoughtWorks.DDD.Inventory.interfaces.UserFacadeTest@4466bca6, testMethod = should_create_bookings_without_authorization@UserFacadeTest, testException = [null], mergedContextConfiguration = [WebMergedContextConfiguration@4d5940f1 testClass = UserFacadeTest, locations = '{}', classes = '{class com.ThoughtWorks.DDD.Inventory.InventoryApplication}', contextInitializerClasses = '[]', activeProfiles = '{test}', propertySourceLocations = '{}', propertySourceProperties = '{org.springframework.boot.test.context.SpringBootTestContextBootstrapper=true}', contextCustomizers = set[[ImportsContextCustomizer@3b1853b key = [org.springframework.boot.test.autoconfigure.web.servlet.MockMvcAutoConfiguration, org.springframework.boot.test.autoconfigure.web.servlet.MockMvcSecurityAutoConfiguration, org.springframework.boot.test.autoconfigure.web.servlet.MockMvcWebClientAutoConfiguration, org.springframework.boot.test.autoconfigure.web.servlet.MockMvcWebDriverAutoConfiguration]], org.springframework.boot.test.context.SpringBootTestContextCustomizer@70d35195, org.springframework.boot.test.context.filter.ExcludeFilterContextCustomizer@aa28282, org.springframework.boot.test.json.DuplicateJsonObjectContextCustomizerFactory$DuplicateJsonObjectContextCustomizer@7d472374, org.springframework.boot.test.mock.mockito.MockitoContextCustomizer@0, org.springframework.boot.test.autoconfigure.properties.PropertyMappingContextCustomizer@e7e8512, org.springframework.boot.test.autoconfigure.web.servlet.WebDriverContextCustomizerFactory$Customizer@2b88fcf], resourceBasePath = 'src/main/webapp', contextLoader = 'org.springframework.boot.test.context.SpringBootContextLoader', parent = [null]]]; transaction manager [org.springframework.orm.jpa.JpaTransactionManager@55054b24]; rollback [true]
2017-12-02 16:36:58.828  INFO 8297 --- [    Test worker] o.s.b.t.m.w.SpringBootMockServletContext : Initializing Spring FrameworkServlet ''
2017-12-02 16:36:58.829  INFO 8297 --- [    Test worker] o.s.t.web.servlet.TestDispatcherServlet  : FrameworkServlet '': initialization started
2017-12-02 16:36:58.835  INFO 8297 --- [    Test worker] o.s.t.web.servlet.TestDispatcherServlet  : FrameworkServlet '': initialization completed in 5 ms
2017-12-02 16:36:58.844  INFO 8297 --- [    Test worker] o.s.t.c.transaction.TransactionContext   : Rolled back transaction for test context [DefaultTestContext@7880a1be testClass = UserFacadeTest, testInstance = com.ThoughtWorks.DDD.Inventory.interfaces.UserFacadeTest@4466bca6, testMethod = should_create_bookings_without_authorization@UserFacadeTest, testException = [null], mergedContextConfiguration = [WebMergedContextConfiguration@4d5940f1 testClass = UserFacadeTest, locations = '{}', classes = '{class com.ThoughtWorks.DDD.Inventory.InventoryApplication}', contextInitializerClasses = '[]', activeProfiles = '{test}', propertySourceLocations = '{}', propertySourceProperties = '{org.springframework.boot.test.context.SpringBootTestContextBootstrapper=true}', contextCustomizers = set[[ImportsContextCustomizer@3b1853b key = [org.springframework.boot.test.autoconfigure.web.servlet.MockMvcAutoConfiguration, org.springframework.boot.test.autoconfigure.web.servlet.MockMvcSecurityAutoConfiguration, org.springframework.boot.test.autoconfigure.web.servlet.MockMvcWebClientAutoConfiguration, org.springframework.boot.test.autoconfigure.web.servlet.MockMvcWebDriverAutoConfiguration]], org.springframework.boot.test.context.SpringBootTestContextCustomizer@70d35195, org.springframework.boot.test.context.filter.ExcludeFilterContextCustomizer@aa28282, org.springframework.boot.test.json.DuplicateJsonObjectContextCustomizerFactory$DuplicateJsonObjectContextCustomizer@7d472374, org.springframework.boot.test.mock.mockito.MockitoContextCustomizer@0, org.springframework.boot.test.autoconfigure.properties.PropertyMappingContextCustomizer@e7e8512, org.springframework.boot.test.autoconfigure.web.servlet.WebDriverContextCustomizerFactory$Customizer@2b88fcf], resourceBasePath = 'src/main/webapp', contextLoader = 'org.springframework.boot.test.context.SpringBootContextLoader', parent = [null]]].
2017-12-02 16:36:58.845  INFO 8297 --- [    Test worker] w.o.e.j.s.NetworkTrafficServerConnector  : Stopped NetworkTrafficServerConnector@7ea94818{HTTP/1.1}{0.0.0.0:9116}
2017-12-02 16:36:58.846  INFO 8297 --- [    Test worker] w.o.e.j.server.handler.ContextHandler    : Stopped w.o.e.j.s.ServletContextHandler@54239133{/,null,UNAVAILABLE}
2017-12-02 16:36:58.846  INFO 8297 --- [    Test worker] w.o.e.j.server.handler.ContextHandler    : Stopped w.o.e.j.s.ServletContextHandler@42452b29{/__admin,null,UNAVAILABLE}
2017-12-02 16:36:58.851  INFO 8297 --- [    Test worker] w.org.eclipse.jetty.server.Server        : jetty-9.2.z-SNAPSHOT
2017-12-02 16:36:58.853  INFO 8297 --- [    Test worker] w.o.e.j.server.handler.ContextHandler    : Started w.o.e.j.s.ServletContextHandler@17325230{/__admin,null,AVAILABLE}
2017-12-02 16:36:58.854  INFO 8297 --- [    Test worker] w.o.e.j.server.handler.ContextHandler    : Started w.o.e.j.s.ServletContextHandler@57ff52fc{/,null,AVAILABLE}
2017-12-02 16:36:58.855  INFO 8297 --- [    Test worker] w.o.e.j.s.NetworkTrafficServerConnector  : Started NetworkTrafficServerConnector@86d4193{HTTP/1.1}{0.0.0.0:9116}
2017-12-02 16:36:58.855  INFO 8297 --- [    Test worker] w.org.eclipse.jetty.server.Server        : Started @39667ms
2017-12-02 16:36:58.858  INFO 8297 --- [    Test worker] o.s.t.c.transaction.TransactionContext   : Began transaction (1) for test context [DefaultTestContext@7880a1be testClass = UserFacadeTest, testInstance = com.ThoughtWorks.DDD.Inventory.interfaces.UserFacadeTest@50562772, testMethod = shouldGetTheCustomerAfterJustCreated@UserFacadeTest, testException = [null], mergedContextConfiguration = [WebMergedContextConfiguration@4d5940f1 testClass = UserFacadeTest, locations = '{}', classes = '{class com.ThoughtWorks.DDD.Inventory.InventoryApplication}', contextInitializerClasses = '[]', activeProfiles = '{test}', propertySourceLocations = '{}', propertySourceProperties = '{org.springframework.boot.test.context.SpringBootTestContextBootstrapper=true}', contextCustomizers = set[[ImportsContextCustomizer@3b1853b key = [org.springframework.boot.test.autoconfigure.web.servlet.MockMvcAutoConfiguration, org.springframework.boot.test.autoconfigure.web.servlet.MockMvcSecurityAutoConfiguration, org.springframework.boot.test.autoconfigure.web.servlet.MockMvcWebClientAutoConfiguration, org.springframework.boot.test.autoconfigure.web.servlet.MockMvcWebDriverAutoConfiguration]], org.springframework.boot.test.context.SpringBootTestContextCustomizer@70d35195, org.springframework.boot.test.context.filter.ExcludeFilterContextCustomizer@aa28282, org.springframework.boot.test.json.DuplicateJsonObjectContextCustomizerFactory$DuplicateJsonObjectContextCustomizer@7d472374, org.springframework.boot.test.mock.mockito.MockitoContextCustomizer@0, org.springframework.boot.test.autoconfigure.properties.PropertyMappingContextCustomizer@e7e8512, org.springframework.boot.test.autoconfigure.web.servlet.WebDriverContextCustomizerFactory$Customizer@2b88fcf], resourceBasePath = 'src/main/webapp', contextLoader = 'org.springframework.boot.test.context.SpringBootContextLoader', parent = [null]]]; transaction manager [org.springframework.orm.jpa.JpaTransactionManager@55054b24]; rollback [true]
2017-12-02 16:36:58.862  INFO 8297 --- [    Test worker] o.s.b.t.m.w.SpringBootMockServletContext : Initializing Spring FrameworkServlet ''
2017-12-02 16:36:58.862  INFO 8297 --- [    Test worker] o.s.t.web.servlet.TestDispatcherServlet  : FrameworkServlet '': initialization started
2017-12-02 16:36:58.868  INFO 8297 --- [    Test worker] o.s.t.web.servlet.TestDispatcherServlet  : FrameworkServlet '': initialization completed in 6 ms
2017-12-02 16:36:59.038  INFO 8297 --- [    Test worker] o.s.t.c.transaction.TransactionContext   : Rolled back transaction for test context [DefaultTestContext@7880a1be testClass = UserFacadeTest, testInstance = com.ThoughtWorks.DDD.Inventory.interfaces.UserFacadeTest@50562772, testMethod = shouldGetTheCustomerAfterJustCreated@UserFacadeTest, testException = [null], mergedContextConfiguration = [WebMergedContextConfiguration@4d5940f1 testClass = UserFacadeTest, locations = '{}', classes = '{class com.ThoughtWorks.DDD.Inventory.InventoryApplication}', contextInitializerClasses = '[]', activeProfiles = '{test}', propertySourceLocations = '{}', propertySourceProperties = '{org.springframework.boot.test.context.SpringBootTestContextBootstrapper=true}', contextCustomizers = set[[ImportsContextCustomizer@3b1853b key = [org.springframework.boot.test.autoconfigure.web.servlet.MockMvcAutoConfiguration, org.springframework.boot.test.autoconfigure.web.servlet.MockMvcSecurityAutoConfiguration, org.springframework.boot.test.autoconfigure.web.servlet.MockMvcWebClientAutoConfiguration, org.springframework.boot.test.autoconfigure.web.servlet.MockMvcWebDriverAutoConfiguration]], org.springframework.boot.test.context.SpringBootTestContextCustomizer@70d35195, org.springframework.boot.test.context.filter.ExcludeFilterContextCustomizer@aa28282, org.springframework.boot.test.json.DuplicateJsonObjectContextCustomizerFactory$DuplicateJsonObjectContextCustomizer@7d472374, org.springframework.boot.test.mock.mockito.MockitoContextCustomizer@0, org.springframework.boot.test.autoconfigure.properties.PropertyMappingContextCustomizer@e7e8512, org.springframework.boot.test.autoconfigure.web.servlet.WebDriverContextCustomizerFactory$Customizer@2b88fcf], resourceBasePath = 'src/main/webapp', contextLoader = 'org.springframework.boot.test.context.SpringBootContextLoader', parent = [null]]].
2017-12-02 16:36:59.041  INFO 8297 --- [    Test worker] w.o.e.j.s.NetworkTrafficServerConnector  : Stopped NetworkTrafficServerConnector@86d4193{HTTP/1.1}{0.0.0.0:9116}
2017-12-02 16:36:59.042  INFO 8297 --- [    Test worker] w.o.e.j.server.handler.ContextHandler    : Stopped w.o.e.j.s.ServletContextHandler@57ff52fc{/,null,UNAVAILABLE}
2017-12-02 16:36:59.042  INFO 8297 --- [    Test worker] w.o.e.j.server.handler.ContextHandler    : Stopped w.o.e.j.s.ServletContextHandler@17325230{/__admin,null,UNAVAILABLE}
2017-12-02 16:36:59.047  INFO 8297 --- [    Test worker] w.org.eclipse.jetty.server.Server        : jetty-9.2.z-SNAPSHOT
2017-12-02 16:36:59.049  INFO 8297 --- [    Test worker] w.o.e.j.server.handler.ContextHandler    : Started w.o.e.j.s.ServletContextHandler@dd0306f{/__admin,null,AVAILABLE}
2017-12-02 16:36:59.049  INFO 8297 --- [    Test worker] w.o.e.j.server.handler.ContextHandler    : Started w.o.e.j.s.ServletContextHandler@45c19a16{/,null,AVAILABLE}
2017-12-02 16:36:59.050  INFO 8297 --- [    Test worker] w.o.e.j.s.NetworkTrafficServerConnector  : Started NetworkTrafficServerConnector@11d38c13{HTTP/1.1}{0.0.0.0:9116}
2017-12-02 16:36:59.050  INFO 8297 --- [    Test worker] w.org.eclipse.jetty.server.Server        : Started @39862ms
2017-12-02 16:36:59.053  INFO 8297 --- [    Test worker] o.s.t.c.transaction.TransactionContext   : Began transaction (1) for test context [DefaultTestContext@7880a1be testClass = UserFacadeTest, testInstance = com.ThoughtWorks.DDD.Inventory.interfaces.UserFacadeTest@1dbcfd9d, testMethod = placeHolder@APIBaseTest, testException = [null], mergedContextConfiguration = [WebMergedContextConfiguration@4d5940f1 testClass = UserFacadeTest, locations = '{}', classes = '{class com.ThoughtWorks.DDD.Inventory.InventoryApplication}', contextInitializerClasses = '[]', activeProfiles = '{test}', propertySourceLocations = '{}', propertySourceProperties = '{org.springframework.boot.test.context.SpringBootTestContextBootstrapper=true}', contextCustomizers = set[[ImportsContextCustomizer@3b1853b key = [org.springframework.boot.test.autoconfigure.web.servlet.MockMvcAutoConfiguration, org.springframework.boot.test.autoconfigure.web.servlet.MockMvcSecurityAutoConfiguration, org.springframework.boot.test.autoconfigure.web.servlet.MockMvcWebClientAutoConfiguration, org.springframework.boot.test.autoconfigure.web.servlet.MockMvcWebDriverAutoConfiguration]], org.springframework.boot.test.context.SpringBootTestContextCustomizer@70d35195, org.springframework.boot.test.context.filter.ExcludeFilterContextCustomizer@aa28282, org.springframework.boot.test.json.DuplicateJsonObjectContextCustomizerFactory$DuplicateJsonObjectContextCustomizer@7d472374, org.springframework.boot.test.mock.mockito.MockitoContextCustomizer@0, org.springframework.boot.test.autoconfigure.properties.PropertyMappingContextCustomizer@e7e8512, org.springframework.boot.test.autoconfigure.web.servlet.WebDriverContextCustomizerFactory$Customizer@2b88fcf], resourceBasePath = 'src/main/webapp', contextLoader = 'org.springframework.boot.test.context.SpringBootContextLoader', parent = [null]]]; transaction manager [org.springframework.orm.jpa.JpaTransactionManager@55054b24]; rollback [true]
2017-12-02 16:36:59.055  INFO 8297 --- [    Test worker] o.s.b.t.m.w.SpringBootMockServletContext : Initializing Spring FrameworkServlet ''
2017-12-02 16:36:59.056  INFO 8297 --- [    Test worker] o.s.t.web.servlet.TestDispatcherServlet  : FrameworkServlet '': initialization started
2017-12-02 16:36:59.063  INFO 8297 --- [    Test worker] o.s.t.web.servlet.TestDispatcherServlet  : FrameworkServlet '': initialization completed in 7 ms
2017-12-02 16:36:59.067  INFO 8297 --- [    Test worker] o.s.t.c.transaction.TransactionContext   : Rolled back transaction for test context [DefaultTestContext@7880a1be testClass = UserFacadeTest, testInstance = com.ThoughtWorks.DDD.Inventory.interfaces.UserFacadeTest@1dbcfd9d, testMethod = placeHolder@APIBaseTest, testException = [null], mergedContextConfiguration = [WebMergedContextConfiguration@4d5940f1 testClass = UserFacadeTest, locations = '{}', classes = '{class com.ThoughtWorks.DDD.Inventory.InventoryApplication}', contextInitializerClasses = '[]', activeProfiles = '{test}', propertySourceLocations = '{}', propertySourceProperties = '{org.springframework.boot.test.context.SpringBootTestContextBootstrapper=true}', contextCustomizers = set[[ImportsContextCustomizer@3b1853b key = [org.springframework.boot.test.autoconfigure.web.servlet.MockMvcAutoConfiguration, org.springframework.boot.test.autoconfigure.web.servlet.MockMvcSecurityAutoConfiguration, org.springframework.boot.test.autoconfigure.web.servlet.MockMvcWebClientAutoConfiguration, org.springframework.boot.test.autoconfigure.web.servlet.MockMvcWebDriverAutoConfiguration]], org.springframework.boot.test.context.SpringBootTestContextCustomizer@70d35195, org.springframework.boot.test.context.filter.ExcludeFilterContextCustomizer@aa28282, org.springframework.boot.test.json.DuplicateJsonObjectContextCustomizerFactory$DuplicateJsonObjectContextCustomizer@7d472374, org.springframework.boot.test.mock.mockito.MockitoContextCustomizer@0, org.springframework.boot.test.autoconfigure.properties.PropertyMappingContextCustomizer@e7e8512, org.springframework.boot.test.autoconfigure.web.servlet.WebDriverContextCustomizerFactory$Customizer@2b88fcf], resourceBasePath = 'src/main/webapp', contextLoader = 'org.springframework.boot.test.context.SpringBootContextLoader', parent = [null]]].
2017-12-02 16:36:59.069  INFO 8297 --- [    Test worker] w.o.e.j.s.NetworkTrafficServerConnector  : Stopped NetworkTrafficServerConnector@11d38c13{HTTP/1.1}{0.0.0.0:9116}
2017-12-02 16:36:59.069  INFO 8297 --- [    Test worker] w.o.e.j.server.handler.ContextHandler    : Stopped w.o.e.j.s.ServletContextHandler@45c19a16{/,null,UNAVAILABLE}
2017-12-02 16:36:59.070  INFO 8297 --- [    Test worker] w.o.e.j.server.handler.ContextHandler    : Stopped w.o.e.j.s.ServletContextHandler@dd0306f{/__admin,null,UNAVAILABLE}
]]></system-out>
  <system-err><![CDATA[]]></system-err>
</testsuite>
