<?xml version="1.0" encoding="UTF-8"?>
<testsuite name="com.ThoughtWorks.DDD.Inventory.APIBaseTest" tests="1" skipped="0" failures="0" errors="0" timestamp="2017-12-02T08:36:59" hostname="wangyan-mac-2016.local" time="0.016">
  <properties/>
  <testcase name="placeHolder" classname="com.ThoughtWorks.DDD.Inventory.APIBaseTest" time="0.016"/>
  <system-out><![CDATA[2017-12-02 16:36:59.071  INFO 8297 --- [    Test worker] .b.t.c.SpringBootTestContextBootstrapper : Neither @ContextConfiguration nor @ContextHierarchy found for test class [com.ThoughtWorks.DDD.Inventory.APIBaseTest], using SpringBootContextLoader
2017-12-02 16:36:59.072  INFO 8297 --- [    Test worker] o.s.t.c.support.AbstractContextLoader    : Could not detect default resource locations for test class [com.ThoughtWorks.DDD.Inventory.APIBaseTest]: no resource found for suffixes {-context.xml, Context.groovy}.
2017-12-02 16:36:59.072  INFO 8297 --- [    Test worker] t.c.s.AnnotationConfigContextLoaderUtils : Could not detect default configuration classes for test class [com.ThoughtWorks.DDD.Inventory.APIBaseTest]: APIBaseTest does not declare any static, non-private, non-final, nested classes annotated with @Configuration.
2017-12-02 16:36:59.078  INFO 8297 --- [    Test worker] .b.t.c.SpringBootTestContextBootstrapper : Found @SpringBootConfiguration com.ThoughtWorks.DDD.Inventory.InventoryApplication for test class com.ThoughtWorks.DDD.Inventory.APIBaseTest
2017-12-02 16:36:59.081  INFO 8297 --- [    Test worker] .b.t.c.SpringBootTestContextBootstrapper : Loaded default TestExecutionListener class names from location [META-INF/spring.factories]: [org.springframework.boot.test.mock.mockito.MockitoTestExecutionListener, org.springframework.boot.test.mock.mockito.ResetMocksTestExecutionListener, org.springframework.boot.test.autoconfigure.restdocs.RestDocsTestExecutionListener, org.springframework.boot.test.autoconfigure.web.client.MockRestServiceServerResetTestExecutionListener, org.springframework.boot.test.autoconfigure.web.servlet.MockMvcPrintOnlyOnFailureTestExecutionListener, org.springframework.boot.test.autoconfigure.web.servlet.WebDriverTestExecutionListener, org.springframework.test.context.web.ServletTestExecutionListener, org.springframework.test.context.support.DirtiesContextBeforeModesTestExecutionListener, org.springframework.test.context.support.DependencyInjectionTestExecutionListener, org.springframework.test.context.support.DirtiesContextTestExecutionListener, org.springframework.test.context.transaction.TransactionalTestExecutionListener, org.springframework.test.context.jdbc.SqlScriptsTestExecutionListener]
2017-12-02 16:36:59.083  INFO 8297 --- [    Test worker] .b.t.c.SpringBootTestContextBootstrapper : Using TestExecutionListeners: [org.springframework.test.context.web.ServletTestExecutionListener@47f61a62, org.springframework.test.context.support.DirtiesContextBeforeModesTestExecutionListener@766f20e5, org.springframework.boot.test.autoconfigure.SpringBootDependencyInjectionTestExecutionListener@66782b30, org.springframework.test.context.support.DirtiesContextTestExecutionListener@7d5fe488, org.springframework.test.context.transaction.TransactionalTestExecutionListener@a0dc44b, org.springframework.test.context.jdbc.SqlScriptsTestExecutionListener@56aa5e7, org.springframework.boot.test.autoconfigure.restdocs.RestDocsTestExecutionListener@22ec2fd1, org.springframework.boot.test.autoconfigure.web.servlet.MockMvcPrintOnlyOnFailureTestExecutionListener@2015e4a0, org.springframework.boot.test.mock.mockito.ResetMocksTestExecutionListener@445e5375, org.springframework.boot.test.autoconfigure.web.client.MockRestServiceServerResetTestExecutionListener@144b8384, org.springframework.boot.test.autoconfigure.web.servlet.WebDriverTestExecutionListener@571ab47b, org.springframework.boot.test.mock.mockito.MockitoTestExecutionListener@58a57adc]
2017-12-02 16:36:59.093  INFO 8297 --- [    Test worker] o.s.t.c.transaction.TransactionContext   : Began transaction (1) for test context [DefaultTestContext@57eb4a77 testClass = APIBaseTest, testInstance = com.ThoughtWorks.DDD.Inventory.APIBaseTest@140f9545, testMethod = placeHolder@APIBaseTest, testException = [null], mergedContextConfiguration = [WebMergedContextConfiguration@6ed64f46 testClass = APIBaseTest, locations = '{}', classes = '{class com.ThoughtWorks.DDD.Inventory.InventoryApplication}', contextInitializerClasses = '[]', activeProfiles = '{test}', propertySourceLocations = '{}', propertySourceProperties = '{org.springframework.boot.test.context.SpringBootTestContextBootstrapper=true}', contextCustomizers = set[[ImportsContextCustomizer@26c9a6bb key = [org.springframework.boot.test.autoconfigure.web.servlet.MockMvcAutoConfiguration, org.springframework.boot.test.autoconfigure.web.servlet.MockMvcSecurityAutoConfiguration, org.springframework.boot.test.autoconfigure.web.servlet.MockMvcWebClientAutoConfiguration, org.springframework.boot.test.autoconfigure.web.servlet.MockMvcWebDriverAutoConfiguration]], org.springframework.boot.test.context.SpringBootTestContextCustomizer@70d35195, org.springframework.boot.test.context.filter.ExcludeFilterContextCustomizer@aa28282, org.springframework.boot.test.json.DuplicateJsonObjectContextCustomizerFactory$DuplicateJsonObjectContextCustomizer@7d472374, org.springframework.boot.test.mock.mockito.MockitoContextCustomizer@0, org.springframework.boot.test.autoconfigure.properties.PropertyMappingContextCustomizer@e7e8512, org.springframework.boot.test.autoconfigure.web.servlet.WebDriverContextCustomizerFactory$Customizer@2b88fcf], resourceBasePath = 'src/main/webapp', contextLoader = 'org.springframework.boot.test.context.SpringBootContextLoader', parent = [null]]]; transaction manager [org.springframework.orm.jpa.JpaTransactionManager@55054b24]; rollback [true]
2017-12-02 16:36:59.095  INFO 8297 --- [    Test worker] o.s.b.t.m.w.SpringBootMockServletContext : Initializing Spring FrameworkServlet ''
2017-12-02 16:36:59.096  INFO 8297 --- [    Test worker] o.s.t.web.servlet.TestDispatcherServlet  : FrameworkServlet '': initialization started
2017-12-02 16:36:59.102  INFO 8297 --- [    Test worker] o.s.t.web.servlet.TestDispatcherServlet  : FrameworkServlet '': initialization completed in 6 ms
2017-12-02 16:36:59.107  INFO 8297 --- [    Test worker] o.s.t.c.transaction.TransactionContext   : Rolled back transaction for test context [DefaultTestContext@57eb4a77 testClass = APIBaseTest, testInstance = com.ThoughtWorks.DDD.Inventory.APIBaseTest@140f9545, testMethod = placeHolder@APIBaseTest, testException = [null], mergedContextConfiguration = [WebMergedContextConfiguration@6ed64f46 testClass = APIBaseTest, locations = '{}', classes = '{class com.ThoughtWorks.DDD.Inventory.InventoryApplication}', contextInitializerClasses = '[]', activeProfiles = '{test}', propertySourceLocations = '{}', propertySourceProperties = '{org.springframework.boot.test.context.SpringBootTestContextBootstrapper=true}', contextCustomizers = set[[ImportsContextCustomizer@26c9a6bb key = [org.springframework.boot.test.autoconfigure.web.servlet.MockMvcAutoConfiguration, org.springframework.boot.test.autoconfigure.web.servlet.MockMvcSecurityAutoConfiguration, org.springframework.boot.test.autoconfigure.web.servlet.MockMvcWebClientAutoConfiguration, org.springframework.boot.test.autoconfigure.web.servlet.MockMvcWebDriverAutoConfiguration]], org.springframework.boot.test.context.SpringBootTestContextCustomizer@70d35195, org.springframework.boot.test.context.filter.ExcludeFilterContextCustomizer@aa28282, org.springframework.boot.test.json.DuplicateJsonObjectContextCustomizerFactory$DuplicateJsonObjectContextCustomizer@7d472374, org.springframework.boot.test.mock.mockito.MockitoContextCustomizer@0, org.springframework.boot.test.autoconfigure.properties.PropertyMappingContextCustomizer@e7e8512, org.springframework.boot.test.autoconfigure.web.servlet.WebDriverContextCustomizerFactory$Customizer@2b88fcf], resourceBasePath = 'src/main/webapp', contextLoader = 'org.springframework.boot.test.context.SpringBootContextLoader', parent = [null]]].
]]></system-out>
  <system-err><![CDATA[]]></system-err>
</testsuite>
